[2024-10-13 20:00:16,851][flwr][DEBUG] - Pre-registering run with id 1339038973402110206
[2024-10-13 20:00:16,851][flwr][DEBUG] - Using InMemoryState
[2024-10-13 20:00:16,851][flwr][DEBUG] - Using InMemoryState
[2024-10-13 20:00:16,852][flwr][DEBUG] - Buffer time delay: 5s
[2024-10-13 20:00:17,488][flwr][ERROR] - ServerApp thread raised an exception: CustomStrategy.__init__() got an unexpected keyword argument 'fraction_fit'
[2024-10-13 20:00:17,490][flwr][ERROR] - Traceback (most recent call last):
  File "/Users/tobias/.pyenv/versions/3.10.13/lib/python3.10/site-packages/flwr/simulation/run_simulation.py", line 336, in server_th_with_start_checks
    run_server_app(
  File "/Users/tobias/.pyenv/versions/3.10.13/lib/python3.10/site-packages/flwr/server/run_serverapp.py", line 88, in run
    server_app(driver=driver, context=context)
  File "/Users/tobias/.pyenv/versions/3.10.13/lib/python3.10/site-packages/flwr/server/server_app.py", line 115, in __call__
    components = self._server_fn(context)
  File "/Users/tobias/unicamp/flower-simulation/test-transformers/test_transformers/server_app.py", line 76, in <lambda>
    return ServerApp(server_fn=lambda context: server_fn(context, config))
  File "/Users/tobias/unicamp/flower-simulation/test-transformers/test_transformers/server_app.py", line 66, in server_fn
    strategy = CustomStrategy(
TypeError: CustomStrategy.__init__() got an unexpected keyword argument 'fraction_fit'

[2024-10-13 20:00:17,490][flwr][DEBUG] - ServerApp finished running.
[2024-10-13 20:00:17,491][flwr][DEBUG] - Triggered stop event for Simulation Engine.
[2024-10-13 20:00:21,859][flwr][DEBUG] - Using InMemoryState
[2024-10-13 20:00:21,860][flwr][DEBUG] - Registered 10 nodes
[2024-10-13 20:00:21,861][flwr][DEBUG] - Supported backends: ['ray']
[2024-10-13 20:00:21,862][flwr][DEBUG] - Initialising: RayBackend
[2024-10-13 20:00:21,862][flwr][DEBUG] - Backend config: {'client_resources': {'num_cpus': 8}, 'init_args': {'logging_level': 30, 'log_to_driver': True}, 'actor': {'tensorflow': 0}}
[2024-10-13 20:00:25,669][flwr][DEBUG] - Constructed ActorPool with: 1 actors
[2024-10-13 20:00:25,669][flwr][DEBUG] - Using InMemoryState
[2024-10-13 20:00:25,670][flwr][DEBUG] - Terminated 1 actors
[2024-10-13 20:00:27,153][flwr][DEBUG] - Terminated RayBackend
